2024-12-08 01:25:53,951 [ERROR] UserInterface: Error in monitor thread: 'TradeManager' object has no attribute 'get_active_trades'
2024-12-08 01:32:19,526 [ERROR] UserInterface: Error in monitor thread: 'TradeManager' object has no attribute 'get_active_trades'
2024-12-08 01:47:04,828 [ERROR] UserInterface: Error in monitor thread: 'TradeManager' object has no attribute 'get_active_trades'
2024-12-08 01:47:59,909 [ERROR] UserInterface: Error in monitor thread: 'TradeManager' object has no attribute 'get_active_trades'
2024-12-12 05:22:38,699 [ERROR] UserInterface: Error in monitor thread: 'TradeManager' object has no attribute 'get_active_trades'
2024-12-12 05:22:43,957 [INFO] UserInterface: Bitget exchange closed.
2024-12-12 05:22:43,957 [ERROR] UserInterface: Error closing Bitget exchange: Event loop is closed
2024-12-12 05:23:38,182 [ERROR] UserInterface: Error in monitor thread: 'TradeManager' object has no attribute 'get_active_trades'
2024-12-12 05:23:49,128 [INFO] UserInterface: Bitget exchange closed.
2024-12-12 05:23:49,379 [INFO] UserInterface: Bitget exchange closed.
2024-12-12 05:23:56,330 [ERROR] UserInterface: Error in monitor thread: 'TradeManager' object has no attribute 'get_active_trades'
2024-12-12 05:24:46,863 [INFO] UserInterface: Bitget exchange closed.
2024-12-12 05:24:46,864 [ERROR] UserInterface: Error closing Bitget exchange: Event loop is closed
2024-12-12 05:24:49,955 [ERROR] UserInterface: Error in monitor thread: 'TradeManager' object has no attribute 'get_active_trades'
2024-12-12 05:33:57,426 [INFO] UserInterface: Bitget exchange closed.
2024-12-12 05:33:57,678 [INFO] UserInterface: Bitget exchange closed.
2024-12-12 15:47:10,790 [ERROR] TradeManager: Failed to retrieve active trades: Error 111 connecting to localhost:6379. Connection refused.
2024-12-12 15:47:12,248 [ERROR] StrategyManager: Failed to retrieve active strategies: Error 111 connecting to localhost:6379. Connection refused.
2024-12-12 15:47:12,248 [ERROR] MarketMonitor: Error in start_monitoring: Error 111 connecting to localhost:6379. Connection refused.
2024-12-12 15:47:20,793 [ERROR] TradeManager: Failed to retrieve active trades: Error 111 connecting to localhost:6379. Connection refused.
2024-12-12 15:47:30,796 [ERROR] TradeManager: Failed to retrieve active trades: Error 111 connecting to localhost:6379. Connection refused.
2024-12-12 16:06:48,297 [ERROR] TradeManager: Failed to retrieve active trades: Error 111 connecting to localhost:6379. Connection refused.
2024-12-12 16:15:23,526 [ERROR] TradeManager: Failed to retrieve active trades: Error 111 connecting to localhost:6379. Connection refused.
2024-12-12 16:15:25,076 [ERROR] StrategyManager: Failed to retrieve active strategies: Error 111 connecting to localhost:6379. Connection refused.
2024-12-12 16:15:25,076 [ERROR] MarketMonitor: Error in start_monitoring: Error 111 connecting to localhost:6379. Connection refused.
2024-12-12 16:15:33,529 [ERROR] TradeManager: Failed to retrieve active trades: Error 111 connecting to localhost:6379. Connection refused.
2024-12-12 16:15:49,338 [ERROR] TradeManager: Failed to retrieve active trades: Error 111 connecting to localhost:6379. Connection refused.
2024-12-12 16:15:51,303 [ERROR] StrategyManager: Failed to retrieve active strategies: Error 111 connecting to localhost:6379. Connection refused.
2024-12-12 16:15:51,303 [ERROR] MarketMonitor: Error in start_monitoring: Error 111 connecting to localhost:6379. Connection refused.
2024-12-12 16:15:59,354 [ERROR] TradeManager: Failed to retrieve active trades: Error 111 connecting to localhost:6379. Connection refused.
2024-12-12 16:16:09,357 [ERROR] TradeManager: Failed to retrieve active trades: Error 111 connecting to localhost:6379. Connection refused.
2024-12-12 16:16:10,208 [INFO] UserInterface: Bitget exchange closed.
2024-12-12 16:16:10,460 [INFO] UserInterface: Bitget exchange closed.
